<?xml version="1.0" encoding="UTF-8"?>
<testng-results ignored="0" total="1" passed="1" failed="0" skipped="0">
  <reporter-output>
  </reporter-output>
  <suite started-at="2024-07-08T16:58:33 IST" name="Default suite" finished-at="2024-07-08T16:58:54 IST" duration-ms="21510">
    <groups>
    </groups>
    <test started-at="2024-07-08T16:58:33 IST" name="Default test" finished-at="2024-07-08T16:58:54 IST" duration-ms="21510">
      <class name="make_my_trip.Task">
        <test-method is-config="true" signature="bt()[pri:0, instance:make_my_trip.Task@2e8c1c9b]" started-at="2024-07-08T16:58:33 IST" name="bt" finished-at="2024-07-08T16:58:45 IST" duration-ms="11629" status="PASS">
          <reporter-output>
          </reporter-output>
        </test-method> <!-- bt -->
        <test-method signature="tasks()[pri:0, instance:make_my_trip.Task@2e8c1c9b]" started-at="2024-07-08T16:58:45 IST" name="tasks" finished-at="2024-07-08T16:58:54 IST" duration-ms="9809" status="PASS">
          <reporter-output>
          </reporter-output>
        </test-method> <!-- tasks -->
      </class> <!-- make_my_trip.Task -->
    </test> <!-- Default test -->
  </suite> <!-- Default suite -->
</testng-results>
